ERROR - 2022-07-03 01:24:36 --> Error connecting to the database: Unknown database 'sistem_antrian'
CRITICAL - 2022-07-03 01:24:36 --> Unable to connect to the database.
Main connection [MySQLi]: Unknown database 'sistem_antrian'
#0 C:\xampp\htdocs\UasGenap\ci4\ci4\system\Database\BaseConnection.php(577): CodeIgniter\Database\BaseConnection->initialize()
#1 C:\xampp\htdocs\UasGenap\ci4\ci4\system\Database\BaseBuilder.php(1455): CodeIgniter\Database\BaseConnection->query('SELECT *\nFROM `...', Array, false)
#2 C:\xampp\htdocs\UasGenap\ci4\ci4\system\Model.php(728): CodeIgniter\Database\BaseBuilder->get()
#3 C:\xampp\htdocs\UasGenap\ci4\ci4\app\Models\AntrianModel.php(21): CodeIgniter\Model->__call('get', Array)
#4 C:\xampp\htdocs\UasGenap\ci4\ci4\app\Controllers\Home.php(20): App\Models\AntrianModel->getAll()
#5 C:\xampp\htdocs\UasGenap\ci4\ci4\system\CodeIgniter.php(832): App\Controllers\Home->index()
#6 C:\xampp\htdocs\UasGenap\ci4\ci4\system\CodeIgniter.php(419): CodeIgniter\CodeIgniter->runController(Object(App\Controllers\Home))
#7 C:\xampp\htdocs\UasGenap\ci4\ci4\system\CodeIgniter.php(326): CodeIgniter\CodeIgniter->handleRequest(NULL, Object(Config\Cache), false)
#8 C:\xampp\htdocs\UasGenap\ci4\ci4\public\index.php(37): CodeIgniter\CodeIgniter->run()
#9 C:\xampp\htdocs\UasGenap\ci4\ci4\system\Commands\Server\rewrite.php(43): require_once('C:\\xampp\\htdocs...')
#10 {main}
CRITICAL - 2022-07-03 02:47:38 --> Trying to access array offset on value of type null
#0 C:\xampp\htdocs\UasGenap\ci4\ci4\app\Models\PelayananModel.php(53): CodeIgniter\Debug\Exceptions->errorHandler(2, 'Trying to acces...', 'C:\\xampp\\htdocs...', 53)
#1 C:\xampp\htdocs\UasGenap\ci4\ci4\app\Controllers\Pelayanan.php(26): App\Models\PelayananModel->id()
#2 C:\xampp\htdocs\UasGenap\ci4\ci4\system\CodeIgniter.php(832): App\Controllers\Pelayanan->daftar()
#3 C:\xampp\htdocs\UasGenap\ci4\ci4\system\CodeIgniter.php(419): CodeIgniter\CodeIgniter->runController(Object(App\Controllers\Pelayanan))
#4 C:\xampp\htdocs\UasGenap\ci4\ci4\system\CodeIgniter.php(326): CodeIgniter\CodeIgniter->handleRequest(NULL, Object(Config\Cache), false)
#5 C:\xampp\htdocs\UasGenap\ci4\ci4\public\index.php(37): CodeIgniter\CodeIgniter->run()
#6 C:\xampp\htdocs\UasGenap\ci4\ci4\system\Commands\Server\rewrite.php(43): require_once('C:\\xampp\\htdocs...')
#7 {main}
